Building DAG of jobs...
Using shell: /usr/bin/bash
Provided cores: 1 (use --cores to define parallelism)
Rules claiming more threads will be scaled down.
Job stats:
job           count    min threads    max threads
----------  -------  -------------  -------------
all               1              1              1
make_umaps        1              1              1
total             2              1              1

Select jobs to execute...

[Tue Sep 26 15:56:56 2023]
rule make_umaps:
    input: ../../analysis/pdac_analysis/vae_prep/all_samples_merged_vae.h5ad
    output: ../../analysis/pdac_analysis/best_run_PDAC_out/PDAC_adata_new.h5ad
    jobid: 1
    wildcards: cohort=PDAC
    resources: tmpdir=/tmp

[Tue Sep 26 18:22:48 2023]
Finished job 1.
1 of 2 steps (50%) done
Select jobs to execute...

[Tue Sep 26 18:22:48 2023]
localrule all:
    input: ../../analysis/pdac_analysis/best_run_PDAC_out/PDAC_adata_new.h5ad
    jobid: 0
    resources: tmpdir=/tmp

[Tue Sep 26 18:22:48 2023]
Finished job 0.
2 of 2 steps (100%) done
Complete log: .snakemake/log/2023-09-26T155656.229482.snakemake.log
