Building DAG of jobs...
Using shell: /usr/bin/bash
Provided cores: 1 (use --cores to define parallelism)
Rules claiming more threads will be scaled down.
Job stats:
job           count    min threads    max threads
----------  -------  -------------  -------------
all               1              1              1
make_umaps        3              1              1
total             4              1              1

Select jobs to execute...

[Mon Jul 10 13:09:24 2023]
rule make_umaps:
    input: ../../analysis/cluster_analysis/Ali-BC/vae_prep/all_samples_merged_vae.h5ad
    output: ../../analysis/cluster_analysis/Ali-BC/best_run_Ali-BC_out/Ali-BC_adata_new.h5ad
    jobid: 2
    wildcards: cohort=Ali-BC
    resources: tmpdir=/tmp

[Tue Jul 11 01:40:57 2023]
Finished job 2.
1 of 4 steps (25%) done
Select jobs to execute...

[Tue Jul 11 01:40:57 2023]
rule make_umaps:
    input: ../../analysis/cluster_analysis/Hoch-Melanoma/vae_prep/all_samples_merged_vae.h5ad
    output: ../../analysis/cluster_analysis/Hoch-Melanoma/best_run_Hoch-Melanoma_out/Hoch-Melanoma_adata_new.h5ad
    jobid: 3
    wildcards: cohort=Hoch-Melanoma
    resources: tmpdir=/tmp

[Fri Jul 14 08:35:11 2023]
Finished job 3.
2 of 4 steps (50%) done
Select jobs to execute...

[Fri Jul 14 08:35:11 2023]
rule make_umaps:
    input: ../../analysis/cluster_analysis/Jackson-BC/vae_prep/all_samples_merged_vae.h5ad
    output: ../../analysis/cluster_analysis/Jackson-BC/best_run_Jackson-BC_out/Jackson-BC_adata_new.h5ad
    jobid: 1
    wildcards: cohort=Jackson-BC
    resources: tmpdir=/tmp

[Sat Jul 15 07:26:09 2023]
Finished job 1.
3 of 4 steps (75%) done
Select jobs to execute...

[Sat Jul 15 07:26:09 2023]
localrule all:
    input: ../../analysis/cluster_analysis/Jackson-BC/best_run_Jackson-BC_out/Jackson-BC_adata_new.h5ad, ../../analysis/cluster_analysis/Ali-BC/best_run_Ali-BC_out/Ali-BC_adata_new.h5ad, ../../analysis/cluster_analysis/Hoch-Melanoma/best_run_Hoch-Melanoma_out/Hoch-Melanoma_adata_new.h5ad
    jobid: 0
    resources: tmpdir=/tmp

[Sat Jul 15 07:26:09 2023]
Finished job 0.
4 of 4 steps (100%) done
Complete log: .snakemake/log/2023-07-10T130923.380875.snakemake.log
